<?xml version="1.0" encoding="UTF-8"?>
<!-- Generated by org.testng.reporters.JUnitReportReporter -->
<testsuite hostname="Nitishs-MacBook-Pro.local" failures="0" tests="1" name="testng.SampleTest" time="0.009" errors="0" timestamp="2024-09-07T01:52:35 IST" skipped="0">
  <testcase classname="testng.SampleTest" name="demo" time="0.009"/>
  <system-out>
    <![CDATA[Hello World!]]>
  </system-out>
</testsuite> <!-- testng.SampleTest -->
