<?xml version="1.0" encoding="UTF-8"?>
<!-- Generated by org.testng.reporters.JUnitReportReporter -->
<testsuite hostname="Nitishs-MacBook-Pro.local" failures="0" tests="3" name="testng.DataProvidersTest" time="0.017" errors="0" timestamp="2024-08-10T05:50:27 IST" skipped="0">
  <testcase classname="testng.DataProvidersTest" name="bookticketTest" time="0.011"/>
  <system-out/>
  <testcase classname="testng.DataProvidersTest" name="bookticketTest" time="0.004"/>
  <system-out/>
  <testcase classname="testng.DataProvidersTest" name="bookticketTest" time="0.002"/>
  <system-out/>
</testsuite> <!-- testng.DataProvidersTest -->
