<?xml version="1.0" encoding="UTF-8"?>
<!-- Generated by org.testng.reporters.JUnitReportReporter -->
<testsuite hostname="Nitishs-MacBook-Pro.local" failures="0" tests="2" name="testng.DependsOnMethods" time="0.017" errors="0" timestamp="2024-08-07T05:29:23 IST" skipped="0">
  <testcase classname="testng.DependsOnMethods" name="test2" time="0.013"/>
  <system-out>
    <![CDATA[test2]]>
  </system-out>
  <testcase classname="testng.DependsOnMethods" name="test1" time="0.004"/>
  <system-out>
    <![CDATA[test1]]>
  </system-out>
</testsuite> <!-- testng.DependsOnMethods -->
