<?xml version="1.0" encoding="UTF-8"?>
<!-- Generated by org.testng.reporters.JUnitReportReporter -->
<testsuite hostname="Nitishs-MacBook-Pro.local" failures="0" tests="2" name="distributedParallel.Test2" time="0.048" errors="0" timestamp="2024-08-08T06:04:17 IST" skipped="0">
  <testcase classname="distributedParallel.Test2" name="demo2" time="0.004"/>
  <system-out/>
  <testcase classname="distributedParallel.Test2" name="demo1" time="0.044"/>
  <system-out/>
</testsuite> <!-- distributedParallel.Test2 -->
