<?xml version="1.0" encoding="UTF-8"?>
<!-- Generated by org.testng.reporters.JUnitReportReporter -->
<testsuite hostname="Nitishs-MacBook-Pro.local" failures="0" tests="3" name="testng.InvocationCountTest" time="0.026" errors="0" timestamp="2024-09-07T01:52:35 IST" skipped="0">
  <testcase classname="testng.InvocationCountTest" name="demo4" time="0.009"/>
  <system-out>
    <![CDATA[demo-4]]>
  </system-out>
  <testcase classname="testng.InvocationCountTest" name="demo3" time="0.012"/>
  <system-out>
    <![CDATA[demo-3]]>
  </system-out>
  <testcase classname="testng.InvocationCountTest" name="demo4" time="0.005"/>
  <system-out>
    <![CDATA[demo-4]]>
  </system-out>
</testsuite> <!-- testng.InvocationCountTest -->
