<?xml version="1.0" encoding="UTF-8"?>
<!-- Generated by org.testng.reporters.JUnitReportReporter -->
<testsuite hostname="Nitishs-MacBook-Pro.local" failures="0" tests="4" name="testng.PrioritizeTests" time="0.024" errors="0" timestamp="2024-08-06T05:59:50 IST" skipped="0">
  <testcase classname="testng.PrioritizeTests" name="demo2" time="0.012"/>
  <system-out>
    <![CDATA[Demo-2]]>
  </system-out>
  <testcase classname="testng.PrioritizeTests" name="demo1" time="0.004"/>
  <system-out>
    <![CDATA[Demo-1]]>
  </system-out>
  <testcase classname="testng.PrioritizeTests" name="demo3" time="0.003"/>
  <system-out>
    <![CDATA[Demo-3]]>
  </system-out>
  <testcase classname="testng.PrioritizeTests" name="demo4" time="0.005"/>
  <system-out>
    <![CDATA[Demo-4]]>
  </system-out>
</testsuite> <!-- testng.PrioritizeTests -->
