<?xml version="1.0" encoding="UTF-8"?>
<!-- Generated by org.testng.reporters.JUnitReportReporter -->
<testsuite hostname="Nitishs-MacBook-Pro.local" failures="0" tests="4" name="distributedParallel.Test3" time="0.024" errors="0" timestamp="2024-09-07T02:04:34 IST" skipped="0">
  <testcase classname="distributedParallel.Test3" name="demo1" time="0.009"/>
  <system-out/>
  <testcase classname="distributedParallel.Test3" name="demo2" time="0.001"/>
  <system-out/>
  <testcase classname="distributedParallel.Test3" name="demo1" time="0.009"/>
  <system-out/>
  <testcase classname="distributedParallel.Test3" name="demo2" time="0.005"/>
  <system-out/>
</testsuite> <!-- distributedParallel.Test3 -->
