<?xml version="1.0" encoding="UTF-8"?>
<!-- Generated by org.testng.reporters.JUnitReportReporter -->
<testsuite hostname="Nitishs-MacBook-Pro.local" failures="0" tests="3" name="testng.InvocationCountTest" time="0.022" errors="0" timestamp="2024-08-06T06:08:34 IST" skipped="0">
  <testcase classname="testng.InvocationCountTest" name="demo3" time="0.018"/>
  <system-out>
    <![CDATA[demo-3]]>
  </system-out>
  <testcase classname="testng.InvocationCountTest" name="demo4" time="0.002"/>
  <system-out>
    <![CDATA[demo-4]]>
  </system-out>
  <testcase classname="testng.InvocationCountTest" name="demo4" time="0.002"/>
  <system-out>
    <![CDATA[demo-4]]>
  </system-out>
</testsuite> <!-- testng.InvocationCountTest -->
