<?xml version="1.0" encoding="UTF-8"?>
<!-- Generated by org.testng.reporters.JUnitReportReporter -->
<testsuite hostname="Nitishs-MacBook-Pro.local" failures="0" tests="1" name="annotations.TestClass" time="0.011" errors="0" timestamp="2024-08-10T05:51:15 IST" skipped="0">
  <testcase classname="annotations.TestClass" name="test1" time="0.011"/>
  <system-out/>
</testsuite> <!-- annotations.TestClass -->
