<?xml version="1.0" encoding="UTF-8"?>
<!-- Generated by org.testng.reporters.JUnitReportReporter -->
<testsuite hostname="Nitishs-MacBook-Pro.local" failures="0" tests="3" name="testng.DataProvidersTest" time="0.016" errors="0" timestamp="2024-09-07T01:52:35 IST" skipped="0">
  <testcase classname="testng.DataProvidersTest" name="bookticketTest" time="0.008"/>
  <system-out/>
  <testcase classname="testng.DataProvidersTest" name="bookticketTest" time="0.006"/>
  <system-out/>
  <testcase classname="testng.DataProvidersTest" name="bookticketTest" time="0.002"/>
  <system-out/>
</testsuite> <!-- testng.DataProvidersTest -->
