<?xml version="1.0" encoding="UTF-8"?>
<!-- Generated by org.testng.reporters.JUnitReportReporter -->
<testsuite hostname="Nitishs-MacBook-Pro.local" failures="0" tests="2" name="distributedParallel.Test5" time="0.010" errors="0" timestamp="2024-08-08T06:04:17 IST" skipped="0">
  <testcase classname="distributedParallel.Test5" name="demo1" time="0.006"/>
  <system-out/>
  <testcase classname="distributedParallel.Test5" name="demo2" time="0.004"/>
  <system-out/>
</testsuite> <!-- distributedParallel.Test5 -->
