<?xml version="1.0" encoding="UTF-8"?>
<!-- Generated by org.testng.reporters.JUnitReportReporter -->
<testsuite hostname="Nitishs-MacBook-Pro.local" failures="0" tests="1" name="testng.SampleTest" time="0.024" errors="0" timestamp="2024-08-06T05:42:36 IST" skipped="0">
  <testcase classname="testng.SampleTest" name="demo" time="0.024"/>
  <system-out>
    <![CDATA[Hello World!]]>
  </system-out>
</testsuite> <!-- testng.SampleTest -->
