<?xml version="1.0" encoding="UTF-8"?>
<!-- Generated by org.testng.reporters.JUnitReportReporter -->
<testsuite hostname="Nitishs-MacBook-Pro.local" failures="0" tests="2" name="distributedParallel.Test4" time="0.005" errors="0" timestamp="2024-08-08T06:04:17 IST" skipped="0">
  <testcase classname="distributedParallel.Test4" name="demo2" time="0.002"/>
  <system-out/>
  <testcase classname="distributedParallel.Test4" name="demo1" time="0.003"/>
  <system-out/>
</testsuite> <!-- distributedParallel.Test4 -->
