<?xml version="1.0" encoding="UTF-8"?>
<!-- Generated by org.testng.reporters.JUnitReportReporter -->
<testsuite hostname="Nitishs-MacBook-Pro.local" failures="0" tests="4" name="distributedParallel.Test1" time="0.010" errors="0" timestamp="2024-09-07T02:04:34 IST" skipped="0">
  <testcase classname="distributedParallel.Test1" name="demo2" time="0.002"/>
  <system-out/>
  <testcase classname="distributedParallel.Test1" name="demo1" time="0.003"/>
  <system-out/>
  <testcase classname="distributedParallel.Test1" name="demo2" time="0.003"/>
  <system-out/>
  <testcase classname="distributedParallel.Test1" name="demo1" time="0.002"/>
  <system-out/>
</testsuite> <!-- distributedParallel.Test1 -->
